<?xml version="1.0" encoding="UTF-8"?>
<!-- Generated by org.testng.reporters.JUnitReportReporter -->
<testsuite hostname="LIN42000254" failures="0" tests="2" name="com.testng.test.MultipleBrowserTest" time="0.024" errors="0" timestamp="2023-09-20T17:21:26 IST" skipped="0">
  <testcase classname="com.testng.test.MultipleBrowserTest" name="runInBrowser" time="0.003"/>
  <system-out/>
  <testcase classname="com.testng.test.MultipleBrowserTest" name="runInBrowser" time="0.021"/>
  <system-out/>
</testsuite> <!-- com.testng.test.MultipleBrowserTest -->
