<?xml version="1.0" encoding="UTF-8"?>
<!-- Generated by org.testng.reporters.JUnitReportReporter -->
<testsuite hostname="LIN42000254" failures="0" tests="2" name="com.testng.test.FirstSeleniumTest" time="4.575" errors="0" timestamp="2023-09-06T10:12:03 IST" skipped="0">
  <testcase classname="com.testng.test.FirstSeleniumTest" name="testgoogle" time="2.292"/>
  <system-out/>
  <testcase classname="com.testng.test.FirstSeleniumTest" name="testfacebook" time="2.283"/>
  <system-out/>
</testsuite> <!-- com.testng.test.FirstSeleniumTest -->
